<?xml version="1.0" encoding="UTF-8"?>
<!-- Generated by org.testng.reporters.JUnitReportReporter -->
<testsuite hostname="DESKTOP-UG58GIN" failures="0" tests="1" name="com.QaKaizenTestingNG.TestNGExample" time="12.109" errors="0" timestamp="26 Apr 2022 16:26:03 GMT">
  <testcase classname="com.QaKaizenTestingNG.TestNGExample" name="login_Frt" time="12.109"/>
</testsuite> <!-- com.QaKaizenTestingNG.TestNGExample -->
