<?xml version="1.0" encoding="UTF-8"?>
<!-- Generated by org.testng.reporters.JUnitReportReporter -->
<testsuite hostname="DESKTOP-UG58GIN" failures="0" tests="1" name="com.pack.common.test.Login_Frt" time="12.434" errors="0" timestamp="26 Apr 2022 16:59:15 GMT">
  <testcase classname="com.pack.common.test.Login_Frt" name="login_Frt" time="12.434"/>
</testsuite> <!-- com.pack.common.test.Login_Frt -->
