<?xml version="1.0" encoding="UTF-8"?>
<!-- Generated by org.testng.reporters.JUnitReportReporter -->
<testsuite hostname="DESKTOP-UG58GIN" failures="0" tests="1" name="com.automationpractice.pages.CreateAnAccount" time="14.807" errors="0" timestamp="5 May 2022 05:47:26 GMT">
  <testcase classname="com.automationpractice.pages.CreateAnAccount" name="inicio" time="14.807"/>
</testsuite> <!-- com.automationpractice.pages.CreateAnAccount -->
