<?xml version="1.0" encoding="UTF-8"?>
<!-- Generated by org.testng.reporters.JUnitReportReporter -->
<testsuite hostname="DESKTOP-UG58GIN" failures="0" tests="1" name="com.automationpractice.base.TestBase" time="0.006" errors="0" timestamp="3 May 2022 21:56:20 GMT">
  <testcase classname="com.automationpractice.base.TestBase" name="f" time="0.006"/>
</testsuite> <!-- com.automationpractice.base.TestBase -->
