<?xml version="1.0" encoding="UTF-8"?>
<!-- Generated by org.testng.reporters.JUnitReportReporter -->
<testsuite hostname="DESKTOP-UG58GIN" failures="0" tests="1" name="com.automationpractice.pages.LoginPage" time="3.698" errors="0" timestamp="5 May 2022 05:54:17 GMT">
  <testcase classname="com.automationpractice.pages.LoginPage" name="login" time="3.698"/>
</testsuite> <!-- com.automationpractice.pages.LoginPage -->
