<?xml version="1.0" encoding="UTF-8"?>
<!-- Generated by org.testng.reporters.JUnitReportReporter -->
<testsuite hostname="DESKTOP-UG58GIN" failures="0" tests="1" name="com.automationpractice.test.ApTest" time="70.254" errors="0" timestamp="5 May 2022 11:22:47 GMT">
  <testcase classname="com.automationpractice.test.ApTest" name="firstTest" time="70.254"/>
</testsuite> <!-- com.automationpractice.test.ApTest -->
