<?xml version="1.0" encoding="UTF-8"?>
<!-- Generated by org.testng.reporters.JUnitReportReporter -->
<testsuite hostname="DESKTOP-UG58GIN" failures="0" tests="4" name="testingJson.DDTestUsingJSON" time="42.148" errors="0" timestamp="2022-05-09T00:28:23 ART" skipped="0">
  <testcase classname="testingJson.DDTestUsingJSON" name="login" time="16.102"/>
  <system-out/>
  <testcase classname="testingJson.DDTestUsingJSON" name="login" time="7.504"/>
  <system-out/>
  <testcase classname="testingJson.DDTestUsingJSON" name="login" time="6.338"/>
  <system-out/>
  <testcase classname="testingJson.DDTestUsingJSON" name="login" time="12.204"/>
  <system-out/>
</testsuite> <!-- testingJson.DDTestUsingJSON -->
